<?xml version="1.0" encoding="UTF-8"?>
<!-- Generated by org.testng.reporters.JUnitReportReporter -->
<testsuite hostname="LAPTOP-P8GOGL32" failures="0" tests="1" name="tests.LoginTest" time="3.153" errors="0" timestamp="2025-10-19T15:05:04 EDT" skipped="0">
  <testcase classname="tests.LoginTest" name="testvalidLogin" time="3.153"/>
</testsuite> <!-- tests.LoginTest -->
