<?xml version="1.0" encoding="UTF-8"?>
<!-- Generated by org.testng.reporters.JUnitReportReporter -->
<testsuite hostname="LAPTOP-P8GOGL32" failures="0" tests="2" name="test.LoginTest" time="5.733" errors="0" timestamp="2025-10-17T13:38:31 EDT" skipped="0">
  <testcase classname="test.LoginTest" name="testvalidLogin" time="2.993"/>
  <testcase classname="test.LoginTest" name="testinvalidLogin" time="2.740"/>
</testsuite> <!-- test.LoginTest -->
