<?xml version="1.0" encoding="UTF-8"?>
<!-- Generated by org.testng.reporters.JUnitReportReporter -->
<testsuite hostname="LAPTOP-P8GOGL32" failures="0" tests="2" name="tests.LoginTest" time="5.001" errors="0" timestamp="2025-10-17T14:27:42 EDT" skipped="0">
  <testcase classname="tests.LoginTest" name="testvalidLogin" time="2.596"/>
  <testcase classname="tests.LoginTest" name="testinvalidLogin" time="2.405"/>
</testsuite> <!-- tests.LoginTest -->
